Removed Pin From Net: NetName=GND Pin=C36-1
Removed Pin From Net: NetName=+3.3_MCU Pin=C36-2
Removed Pin From Net: NetName=GND Pin=C37-1
Removed Pin From Net: NetName=+3.3_MCU Pin=C37-2
Removed Pin From Net: NetName=GND Pin=C38-1
Removed Pin From Net: NetName=+3.3_MCU Pin=C38-2
Removed Pin From Net: NetName=GND Pin=C39-1
Removed Pin From Net: NetName=+BAT Pin=C39-2
Removed Pin From Net: NetName=GND Pin=C40-1
Removed Pin From Net: NetName=+BAT Pin=C40-2
Removed Pin From Net: NetName=GND Pin=C41-1
Removed Pin From Net: NetName=+BAT Pin=C41-2
Removed Pin From Net: NetName=GND Pin=C43-2
Removed Pin From Net: NetName=GND Pin=FB2-2
Removed Pin From Net: NetName=GND Pin=J1-A1
Removed Pin From Net: NetName=GND Pin=J1-A12
Removed Pin From Net: NetName=GND Pin=J1-B1
Removed Pin From Net: NetName=GND Pin=J1-B12
Removed Pin From Net: NetName=GND Pin=R19-2
Removed Member From Class: ClassName=Power Member=C36
Removed Member From Class: ClassName=Power Member=C37
Removed Member From Class: ClassName=Power Member=C38
Removed Member From Class: ClassName=Power Member=C39
Removed Member From Class: ClassName=Power Member=C40
Removed Member From Class: ClassName=Power Member=C41
Added Component: Designator=D1(ONSC-SOD-523-2-502-01_V)
Add component (AddParameter): Name = "ComponentLink1Description"; Value = "Manufacturer URL"; VariantName = "[No Variations]"
Add component (AddParameter): Name = "ComponentLink1URL"; Value = "http://www.onsemi.com/"; VariantName = "[No Variations]"
Add component (AddParameter): Name = "ComponentLink2Description"; Value = "Datasheet"; VariantName = "[No Variations]"
Add component (AddParameter): Name = "ComponentLink2URL"; Value = "http://www.onsemi.cn/pub_link/Collateral/ESD5Z2.5T1-D.PDF"; VariantName = "[No Variations]"
Add component (AddParameter): Name = "ComponentLink3Description"; Value = "Package Specification"; VariantName = "[No Variations]"
Add component (AddParameter): Name = "ComponentLink3URL"; Value = "http://www.onsemi.com/pub_link/Collateral/502-01.PDF"; VariantName = "[No Variations]"
Add component (AddParameter): Name = "DatasheetVersion"; Value = "Rev. 10"; VariantName = "[No Variations]"
Add component (AddParameter): Name = "Direction"; Value = "Unidirectional"; VariantName = "[No Variations]"
Add component (AddParameter): Name = "IR Max (uA)"; Value = "0.05"; VariantName = "[No Variations]"
Add component (AddParameter): Name = "Manufacturer"; Value = "On Semiconductor"; VariantName = "[No Variations]"
Add component (AddParameter): Name = "Mounting Technology"; Value = "Surface Mount"; VariantName = "[No Variations]"
Add component (AddParameter): Name = "Number of Lines"; Value = "1"; VariantName = "[No Variations]"
Add component (AddParameter): Name = "PackageDescription"; Value = "2-Pin SOD, Body 1.2 x 0.8 mm"; VariantName = "[No Variations]"
Add component (AddParameter): Name = "PackageReference"; Value = "SOD-523-2-502-01"; VariantName = "[No Variations]"
Add component (AddParameter): Name = "PackageVersion"; Value = "Rev. E, 09/2010"; VariantName = "[No Variations]"
Add component (AddParameter): Name = "Packing"; Value = "Tape and Reel"; VariantName = "[No Variations]"
Add component (AddParameter): Name = "PartNumber"; Value = "ESD5Z5.0T1G"; VariantName = "[No Variations]"
Add component (AddParameter): Name = "PPK Max (W)"; Value = "174"; VariantName = "[No Variations]"
Add component (AddParameter): Name = "RoHS"; Value = "Pb-Free"; VariantName = "[No Variations]"
Add component (AddParameter): Name = "V(BR) Min (V)"; Value = "6.2"; VariantName = "[No Variations]"
Add component (AddParameter): Name = "VRWM Max (V)"; Value = "5"; VariantName = "[No Variations]"
Added Component: Designator=D2(ONSC-SOD-523-2-502-01_V)
Add component (AddParameter): Name = "ComponentLink1Description"; Value = "Manufacturer URL"; VariantName = "[No Variations]"
Add component (AddParameter): Name = "ComponentLink1URL"; Value = "http://www.onsemi.com/"; VariantName = "[No Variations]"
Add component (AddParameter): Name = "ComponentLink2Description"; Value = "Datasheet"; VariantName = "[No Variations]"
Add component (AddParameter): Name = "ComponentLink2URL"; Value = "http://www.onsemi.cn/pub_link/Collateral/ESD5Z2.5T1-D.PDF"; VariantName = "[No Variations]"
Add component (AddParameter): Name = "ComponentLink3Description"; Value = "Package Specification"; VariantName = "[No Variations]"
Add component (AddParameter): Name = "ComponentLink3URL"; Value = "http://www.onsemi.com/pub_link/Collateral/502-01.PDF"; VariantName = "[No Variations]"
Add component (AddParameter): Name = "DatasheetVersion"; Value = "Rev. 10"; VariantName = "[No Variations]"
Add component (AddParameter): Name = "Direction"; Value = "Unidirectional"; VariantName = "[No Variations]"
Add component (AddParameter): Name = "IR Max (uA)"; Value = "0.05"; VariantName = "[No Variations]"
Add component (AddParameter): Name = "Manufacturer"; Value = "On Semiconductor"; VariantName = "[No Variations]"
Add component (AddParameter): Name = "Mounting Technology"; Value = "Surface Mount"; VariantName = "[No Variations]"
Add component (AddParameter): Name = "Number of Lines"; Value = "1"; VariantName = "[No Variations]"
Add component (AddParameter): Name = "PackageDescription"; Value = "2-Pin SOD, Body 1.2 x 0.8 mm"; VariantName = "[No Variations]"
Add component (AddParameter): Name = "PackageReference"; Value = "SOD-523-2-502-01"; VariantName = "[No Variations]"
Add component (AddParameter): Name = "PackageVersion"; Value = "Rev. E, 09/2010"; VariantName = "[No Variations]"
Add component (AddParameter): Name = "Packing"; Value = "Tape and Reel"; VariantName = "[No Variations]"
Add component (AddParameter): Name = "PartNumber"; Value = "ESD5Z5.0T1G"; VariantName = "[No Variations]"
Add component (AddParameter): Name = "PPK Max (W)"; Value = "174"; VariantName = "[No Variations]"
Add component (AddParameter): Name = "RoHS"; Value = "Pb-Free"; VariantName = "[No Variations]"
Add component (AddParameter): Name = "V(BR) Min (V)"; Value = "6.2"; VariantName = "[No Variations]"
Add component (AddParameter): Name = "VRWM Max (V)"; Value = "5"; VariantName = "[No Variations]"
Added Pin To Net: NetName=NetD1_1 Pin=D1-1
Added Pin To Net: NetName=NetD1_1 Pin=J1-A6
Added Pin To Net: NetName=NetD1_1 Pin=R20-2
Added Net: Name=NetD1_1
Added Pin To Net: NetName=NetD2_1 Pin=D2-1
Added Pin To Net: NetName=NetD2_1 Pin=J1-A7
Added Pin To Net: NetName=NetD2_1 Pin=R21-2
Added Net: Name=NetD2_1
Added Pin To Net: NetName=UGND Pin=C43-2
Added Pin To Net: NetName=UGND Pin=D1-2
Added Pin To Net: NetName=UGND Pin=D2-2
Added Pin To Net: NetName=UGND Pin=FB2-2
Added Pin To Net: NetName=UGND Pin=J1-A1
Added Pin To Net: NetName=UGND Pin=J1-A12
Added Pin To Net: NetName=UGND Pin=J1-B1
Added Pin To Net: NetName=UGND Pin=J1-B12
Added Pin To Net: NetName=UGND Pin=R19-2
Added Net: Name=UGND
Added Member To Class: ClassName=MCU Member=Component C1 CC0402KRX7R7BB104
Added Member To Class: ClassName=MCU Member=Component C2 CC0402KRX5R5BB105
Added Member To Class: ClassName=MCU Member=Component C3 CC0402KRX7R9BB101
Added Member To Class: ClassName=MCU Member=Component C5 CC0402KRX7R7BB104
Added Member To Class: ClassName=MCU Member=Component C6 CC0402KRX5R5BB105
Added Member To Class: ClassName=MCU Member=Component C7 CC0402KRX7R7BB104
Added Member To Class: ClassName=MCU Member=Component C8 CC0402KRX5R5BB105
Added Member To Class: ClassName=MCU Member=Component C11 CC0402KRX7R7BB104
Added Member To Class: ClassName=MCU Member=Component C12 CC0402KRX5R5BB105
Added Member To Class: ClassName=MCU Member=Component C13 CC0402KRX5R5BB105
Added Member To Class: ClassName=MCU Member=Component C14 CC0402KRX7R7BB104
Added Member To Class: ClassName=MCU Member=Component C15 CC0402KRX7R7BB104
Added Member To Class: ClassName=MCU Member=Component C16 CC0402KRX5R5BB105
Added Member To Class: ClassName=MCU Member=Component C17 CC0402KRX7R7BB104
Added Member To Class: ClassName=MCU Member=Component C18 CC0402KRX5R5BB105
Added Member To Class: ClassName=MCU Member=Component C19 CC0402KRX7R7BB104
Added Member To Class: ClassName=MCU Member=Component C20 CC0402KRX5R5BB105
Added Member To Class: ClassName=USB Member=Component D1 ESD5Z5.0T1G
Added Member To Class: ClassName=USB Member=Component D2 ESD5Z5.0T1G
Added Room: Name=Power
Added Room: Name=RF
Added Room: Name=USB
