Removed Pin From Net: NetName=+BAT Pin=P2-1
Removed Pin From Net: NetName=GND Pin=P2-2
Removed Member From Class: ClassName=Power Member=P2
Added Component: Designator=TP1(KSTN-5003)
Add component (AddParameter): Name = "ComponentLink1Description"; Value = "Manufacturer URL"; VariantName = "[No Variations]"
Add component (AddParameter): Name = "ComponentLink1URL"; Value = "http://www.keyelco.com/"; VariantName = "[No Variations]"
Add component (AddParameter): Name = "ComponentLink2Description"; Value = "Datasheet"; VariantName = "[No Variations]"
Add component (AddParameter): Name = "ComponentLink2URL"; Value = "http://keyelco.com/userAssets/file/M65p56.pdf"; VariantName = "[No Variations]"
Add component (AddParameter): Name = "DatasheetVersion"; Value = "Jun-15"; VariantName = "[No Variations]"
Add component (AddParameter): Name = "Diameter"; Value = "5.3 mm"; VariantName = "[No Variations]"
Add component (AddParameter): Name = "Forward Current"; Value = "3 A"; VariantName = "[No Variations]"
Add component (AddParameter): Name = "Forward Voltage"; Value = "1.08 V"; VariantName = "[No Variations]"
Add component (AddParameter): Name = "Height"; Value = "0.25 inch"; VariantName = "[No Variations]"
Add component (AddParameter): Name = "Length"; Value = "9.5 mm"; VariantName = "[No Variations]"
Add component (AddParameter): Name = "Max Operating Temperature"; Value = "150 degC"; VariantName = "[No Variations]"
Add component (AddParameter): Name = "Max Surge Current"; Value = "80 A"; VariantName = "[No Variations]"
Add component (AddParameter): Name = "Min Operating Temperature"; Value = "-65 degC"; VariantName = "[No Variations]"
Add component (AddParameter): Name = "Mount"; Value = "Through Hole"; VariantName = "[No Variations]"
Add component (AddParameter): Name = "Package Quantity"; Value = "500"; VariantName = "[No Variations]"
Add component (AddParameter): Name = "PackageDescription"; Value = "1-Pin Through Hole Device, Dia 2.54 mm"; VariantName = "[No Variations]"
Add component (AddParameter): Name = "PackageReference"; Value = "5003"; VariantName = "[No Variations]"
Add component (AddParameter): Name = "Packaging"; Value = "Bulk"; VariantName = "[No Variations]"
Add component (AddParameter): Name = "Peak Reverse Current"; Value = "600 uA"; VariantName = "[No Variations]"
Add component (AddParameter): Name = "Pins"; Value = "2"; VariantName = "[No Variations]"
Add component (AddParameter): Name = "Radiation Hardening"; Value = "No"; VariantName = "[No Variations]"
Add component (AddParameter): Name = "REACH SVHC"; Value = "No SVHC"; VariantName = "[No Variations]"
Add component (AddParameter): Name = "RoHSCompliant"; Value = "true"; VariantName = "[No Variations]"
Add component (AddParameter): Name = "Weight"; Value = "0.01 lb"; VariantName = "[No Variations]"
Add component (AddParameter): Name = "Width"; Value = "0.25 inch"; VariantName = "[No Variations]"
Added Component: Designator=TP2(KSTN-5001)
Add component (AddParameter): Name = "Alternate Color"; Value = "5004K-ND
-TESTPOINTPCMINI.040"DYELLOW
5003K-ND
-TESTPOINTPCMINI.040"DORANGE
5002K-ND
-TESTPOINTPCMINI.040"DWHITE
5000K-ND
-TESTPOINTPCMINI.040"DRED"; VariantName = "[No Variations]"
Add component (AddParameter): Name = "Catalog Drawings"; Value = "5000Series"; VariantName = "[No Variations]"
Add component (AddParameter): Name = "Category"; Value = "TestandMeasurement"; VariantName = "[No Variations]"
Add component (AddParameter): Name = "Color"; Value = "Black"; VariantName = "[No Variations]"
Add component (AddParameter): Name = "Datasheet URL"; Value = "https://ciiva.com/datasheet-click-2917627?src=ciiva&sig=bd195616"; VariantName = "[No Variations]"
Add component (AddParameter): Name = "Datasheet Version"; Value = "Rev. G, 12/2008"; VariantName = "[No Variations]"
Add component (AddParameter): Name = "Family"; Value = "TestPoints"; VariantName = "[No Variations]"
Add component (AddParameter): Name = "Kits"; Value = "DKTGRS232C-KIT-ND
-TTLCONVERTER"; VariantName = "[No Variations]"
Add component (AddParameter): Name = "Manufacturer"; Value = "Keystone"; VariantName = "[No Variations]"
Add component (AddParameter): Name = "Manufacturer URL"; Value = "http://www.keyelco.com/"; VariantName = "[No Variations]"
Add component (AddParameter): Name = "Material"; Value = "Base,Nylon46,UL94V-0"; VariantName = "[No Variations]"
Add component (AddParameter): Name = "Mounting Type"; Value = "0.040"(1.02mm)HoleDiameter"; VariantName = "[No Variations]"
Add component (AddParameter): Name = "Online Catalog"; Value = "ColorCodedTestPoints"; VariantName = "[No Variations]"
Add component (AddParameter): Name = "Other Names"; Value = "5001K"; VariantName = "[No Variations]"
Add component (AddParameter): Name = "Packaging"; Value = "Bulk"; VariantName = "[No Variations]"
Add component (AddParameter): Name = "RoHS Information"; Value = "RoHSComplianceStatement"; VariantName = "[No Variations]"
Add component (AddParameter): Name = "Series"; Value = "THM"; VariantName = "[No Variations]"
Add component (AddParameter): Name = "Standard Package"; Value = "100"; VariantName = "[No Variations]"
Add component (AddParameter): Name = "Terminal"; Value = "0.010"x0.020"(0.25mmx0.51mm)PhosphorBronzeWire,SilverPlated"; VariantName = "[No Variations]"
Add component (AddParameter): Name = "Type"; Value = "PCTestPoint,Miniature"; VariantName = "[No Variations]"
Added Pin To Net: NetName=+BAT Pin=TP1-1
Added Pin To Net: NetName=GND Pin=TP2-1
Added Member To Class: ClassName=Power Member=Component TP1 5003
Added Member To Class: ClassName=Power Member=Component TP2 5001
